Build started 10/3/2015 6:44:13 PM.
     1>Project "N:\z502-2015-10-03\z502\Z502.vcxproj" on node 2 (Build target(s)).
     1>ClCompile:
         C:\Program Files (x86)\Microsoft Visual Studio 14.0\VC\bin\x86_amd64\CL.exe /c /ZI /nologo /W1 /WX- /Od /Gm /EHsc /RTC1 /MDd /GS /fp:precise /Zc:wchar_t /Zc:forScope /Zc:inline /Fo"x64\Debug\\" /Fd"x64\Debug\vc140.pdb" /Gd /TC /errorReport:prompt functions.c
         functions.c
     1>n:\z502-2015-10-03\z502\functions.c(93): warning C4133: '=': incompatible types - from 'timer_queue *' to 'ready_queue *'
     1>n:\z502-2015-10-03\z502\functions.c(150): warning C4047: '==': 'long' differs in levels of indirection from 'long *'
     1>n:\z502-2015-10-03\z502\functions.c(144): warning C4477: 'printf' : format string '%d' requires an argument of type 'int', but variadic argument 1 has type 'long *'
     1>n:\z502-2015-10-03\z502\functions.c(144): warning C4313: 'printf': '%d' in format string conflicts with argument 1 of type 'long *'
     1>n:\z502-2015-10-03\z502\functions.c(181): warning C4133: 'function': incompatible types - from 'long *' to 'const char *'
     1>n:\z502-2015-10-03\z502\functions.c(189): warning C4133: 'function': incompatible types - from 'long *' to 'const char *'
     1>n:\z502-2015-10-03\z502\functions.c(194): warning C4133: 'function': incompatible types - from 'long *' to 'const char *'
     1>n:\z502-2015-10-03\z502\functions.c(215): warning C4311: 'type cast': pointer truncation from 'long *' to 'int'
     1>n:\z502-2015-10-03\z502\functions.c(233): warning C4133: 'function': incompatible types - from 'long *' to 'const char *'
     1>n:\z502-2015-10-03\z502\functions.c(218): warning C4477: 'printf' : format string '%s' requires an argument of type 'char *', but variadic argument 1 has type 'long *'
     1>n:\z502-2015-10-03\z502\functions.c(265): warning C4033: 'only_create_process' must return a value
     1>n:\z502-2015-10-03\z502\functions.c(272): warning C4047: '=': 'long' differs in levels of indirection from 'long *'
     1>n:\z502-2015-10-03\z502\functions.c(273): warning C4311: 'type cast': pointer truncation from 'void *' to 'long'
     1>n:\z502-2015-10-03\z502\functions.c(281): warning C4133: 'function': incompatible types - from 'long *' to 'const char *'
     1>n:\z502-2015-10-03\z502\functions.c(283): warning C4047: '=': 'long' differs in levels of indirection from 'long *'
     1>n:\z502-2015-10-03\z502\functions.c(284): warning C4047: '=': 'int' differs in levels of indirection from 'long *'
     1>n:\z502-2015-10-03\z502\functions.c(295): warning C4477: 'printf' : format string '%d' requires an argument of type 'int', but variadic argument 3 has type 'long *'
     1>n:\z502-2015-10-03\z502\functions.c(295): warning C4313: 'printf': '%d' in format string conflicts with argument 3 of type 'long *'
     1>n:\z502-2015-10-03\z502\functions.c(357): warning C4550: expression evaluates to a function which is missing an argument list
     1>n:\z502-2015-10-03\z502\functions.c(306): warning C4715: 'only_create_process': not all control paths return a value
       Link:
         C:\Program Files (x86)\Microsoft Visual Studio 14.0\VC\bin\x86_amd64\link.exe /ERRORREPORT:PROMPT /OUT:"N:\z502-2015-10-03\z502\x64\Debug\Z502.exe" /INCREMENTAL /NOLOGO kernel32.lib user32.lib gdi32.lib winspool.lib comdlg32.lib advapi32.lib shell32.lib ole32.lib oleaut32.lib uuid.lib odbc32.lib odbccp32.lib /MANIFEST /MANIFESTUAC:"level='asInvoker' uiAccess='false'" /manifest:embed /DEBUG:FASTLINK /PDB:"N:\z502-2015-10-03\z502\x64\Debug\Z502.pdb" /TLBID:1 /DYNAMICBASE /NXCOMPAT /IMPLIB:"N:\z502-2015-10-03\z502\x64\Debug\Z502.lib" /MACHINE:X64 x64\Debug\base.obj
         x64\Debug\functions.obj
         x64\Debug\sample.obj
         x64\Debug\StatePrinter.obj
         x64\Debug\structuresStacksQueues.obj
         x64\Debug\Test.obj
         x64\Debug\Z502.obj
         Z502.vcxproj -> N:\z502-2015-10-03\z502\x64\Debug\Z502.exe
     1>Done Building Project "N:\z502-2015-10-03\z502\Z502.vcxproj" (Build target(s)).

Build succeeded.

Time Elapsed 00:00:00.48
